[8:56:55 PM][Info] Execution completed
[8:56:55 PM][Info] Execution aborted
[8:56:55 PM][Info] Execution stopped
[8:57:27 PM][Info] Waiting for the start condition to be verified...
[8:57:27 PM][Info] Finished waiting
[8:57:29 PM][Info] All set, starting the execution
[8:57:30 PM][Info] Waiting for the start condition to be verified...
[8:57:30 PM][Info] Finished waiting
[8:57:30 PM][Info] All set, starting the execution
[9:00:10 PM][Info] Execution completed
[9:00:10 PM][Info] Execution aborted
[9:00:10 PM][Info] Execution stopped
[9:00:55 PM][Info] Execution completed
[9:04:12 PM][Info] Waiting for the start condition to be verified...
[9:04:12 PM][Info] Finished waiting
[9:04:12 PM][Info] All set, starting the execution
[9:04:15 PM][Info] Changed bots to 200
[9:05:28 PM][Error] (TaskCanceledException) A task was canceled.
[9:05:28 PM][Error] (TaskCanceledException) A task was canceled.
[9:05:28 PM][Error] (TaskCanceledException) A task was canceled.
[9:05:28 PM][Error] (TaskCanceledException) A task was canceled.
[9:05:28 PM][Error] (TaskCanceledException) A task was canceled.
[9:05:28 PM][Error] (TaskCanceledException) A task was canceled.
[9:05:28 PM][Error] (TaskCanceledException) A task was canceled.
[9:05:28 PM][Error] (TaskCanceledException) A task was canceled.
[9:05:28 PM][Error] (TaskCanceledException) A task was canceled.
[9:05:28 PM][Error] (TaskCanceledException) A task was canceled.
[9:05:28 PM][Error] (TaskCanceledException) A task was canceled.
[9:05:28 PM][Error] (TaskCanceledException) A task was canceled.
[9:05:28 PM][Error] (TaskCanceledException) A task was canceled.
[9:05:28 PM][Error] (OperationCanceledException) The operation was canceled.
[9:05:28 PM][Error] (TaskCanceledException) A task was canceled.
[9:05:28 PM][Error] (TaskCanceledException) A task was canceled.
[9:05:28 PM][Error] (TaskCanceledException) A task was canceled.
[9:05:28 PM][Error] (TaskCanceledException) A task was canceled.
[9:05:28 PM][Error] (TaskCanceledException) A task was canceled.
[9:05:28 PM][Error] (TaskCanceledException) A task was canceled.
[9:05:28 PM][Error] (TaskCanceledException) A task was canceled.
[9:05:28 PM][Error] (TaskCanceledException) A task was canceled.
[9:05:28 PM][Error] (TaskCanceledException) A task was canceled.
[9:05:28 PM][Error] (TaskCanceledException) A task was canceled.
[9:05:28 PM][Error] (TaskCanceledException) A task was canceled.
[9:05:28 PM][Error] (TaskCanceledException) A task was canceled.
[9:05:28 PM][Error] (TaskCanceledException) A task was canceled.
[9:05:28 PM][Error] (TaskCanceledException) A task was canceled.
[9:05:28 PM][Error] (TaskCanceledException) A task was canceled.
[9:05:28 PM][Error] (TaskCanceledException) A task was canceled.
[9:05:28 PM][Error] (TaskCanceledException) A task was canceled.
[9:05:28 PM][Error] (TaskCanceledException) A task was canceled.
[9:05:28 PM][Error] (TaskCanceledException) A task was canceled.
[9:05:28 PM][Error] (TaskCanceledException) A task was canceled.
[9:05:28 PM][Error] (TaskCanceledException) A task was canceled.
[9:05:28 PM][Error] (TaskCanceledException) A task was canceled.
[9:05:28 PM][Error] (TaskCanceledException) A task was canceled.
[9:05:28 PM][Error] (TaskCanceledException) A task was canceled.
[9:05:28 PM][Error] (TaskCanceledException) A task was canceled.
[9:05:28 PM][Error] (TaskCanceledException) A task was canceled.
[9:05:28 PM][Error] (TaskCanceledException) A task was canceled.
[9:05:28 PM][Error] (TaskCanceledException) A task was canceled.
[9:05:28 PM][Error] (TaskCanceledException) A task was canceled.
[9:05:28 PM][Error] (TaskCanceledException) A task was canceled.
[9:05:28 PM][Error] (TaskCanceledException) A task was canceled.
[9:05:28 PM][Error] (TaskCanceledException) A task was canceled.
[9:05:28 PM][Error] (TaskCanceledException) A task was canceled.
[9:05:28 PM][Error] (TaskCanceledException) A task was canceled.
[9:05:28 PM][Error] (TaskCanceledException) A task was canceled.
[9:05:28 PM][Error] (TaskCanceledException) A task was canceled.
[9:05:28 PM][Error] (TaskCanceledException) A task was canceled.
[9:05:28 PM][Error] (TaskCanceledException) A task was canceled.
[9:05:28 PM][Error] (TaskCanceledException) A task was canceled.
[9:05:28 PM][Error] (TaskCanceledException) A task was canceled.
[9:05:28 PM][Error] (TaskCanceledException) A task was canceled.
[9:05:28 PM][Error] (TaskCanceledException) A task was canceled.
[9:05:28 PM][Error] (TaskCanceledException) A task was canceled.
[9:05:28 PM][Error] (TaskCanceledException) A task was canceled.
[9:05:28 PM][Error] (TaskCanceledException) A task was canceled.
[9:05:28 PM][Error] (TaskCanceledException) A task was canceled.
[9:05:28 PM][Error] (TaskCanceledException) A task was canceled.
[9:05:28 PM][Error] (TaskCanceledException) A task was canceled.
[9:05:28 PM][Error] (TaskCanceledException) A task was canceled.
[9:05:28 PM][Error] (TaskCanceledException) A task was canceled.
[9:05:28 PM][Error] (TaskCanceledException) A task was canceled.
[9:05:28 PM][Error] (TaskCanceledException) A task was canceled.
[9:05:28 PM][Error] (TaskCanceledException) A task was canceled.
[9:05:28 PM][Error] (TaskCanceledException) A task was canceled.
[9:05:28 PM][Error] (TaskCanceledException) A task was canceled.
[9:05:28 PM][Error] (TaskCanceledException) A task was canceled.
[9:05:28 PM][Error] (TaskCanceledException) A task was canceled.
[9:05:28 PM][Error] (TaskCanceledException) A task was canceled.
[9:05:28 PM][Error] (TaskCanceledException) A task was canceled.
[9:05:28 PM][Error] (TaskCanceledException) A task was canceled.
[9:05:28 PM][Error] (TaskCanceledException) A task was canceled.
[9:05:28 PM][Error] (TaskCanceledException) A task was canceled.
[9:05:28 PM][Error] (TaskCanceledException) A task was canceled.
[9:05:28 PM][Error] (TaskCanceledException) A task was canceled.
[9:05:28 PM][Error] (TaskCanceledException) A task was canceled.
[9:05:28 PM][Error] (TaskCanceledException) A task was canceled.
[9:05:28 PM][Error] (TaskCanceledException) A task was canceled.
[9:05:28 PM][Error] (TaskCanceledException) A task was canceled.
[9:05:28 PM][Error] (TaskCanceledException) A task was canceled.
[9:05:28 PM][Error] (TaskCanceledException) A task was canceled.
[9:05:28 PM][Error] (TaskCanceledException) A task was canceled.
[9:05:28 PM][Error] (TaskCanceledException) A task was canceled.
[9:05:28 PM][Error] (TaskCanceledException) A task was canceled.
[9:05:28 PM][Error] (TaskCanceledException) A task was canceled.
[9:05:28 PM][Error] (TaskCanceledException) A task was canceled.
[9:05:28 PM][Error] (TaskCanceledException) A task was canceled.
[9:05:28 PM][Error] (TaskCanceledException) A task was canceled.
[9:05:28 PM][Error] (TaskCanceledException) A task was canceled.
[9:05:28 PM][Error] (TaskCanceledException) A task was canceled.
[9:05:28 PM][Error] (TaskCanceledException) A task was canceled.
[9:05:28 PM][Error] (TaskCanceledException) A task was canceled.
[9:05:28 PM][Error] (TaskCanceledException) A task was canceled.
[9:05:28 PM][Error] (TaskCanceledException) A task was canceled.
[9:05:28 PM][Error] (TaskCanceledException) A task was canceled.
[9:05:28 PM][Error] (TaskCanceledException) A task was canceled.
[9:05:28 PM][Error] (TaskCanceledException) A task was canceled.
[9:05:28 PM][Error] (TaskCanceledException) A task was canceled.
[9:05:28 PM][Error] (TaskCanceledException) A task was canceled.
[9:05:28 PM][Error] (TaskCanceledException) A task was canceled.
[9:05:28 PM][Error] (TaskCanceledException) A task was canceled.
[9:05:28 PM][Error] (TaskCanceledException) A task was canceled.
[9:05:28 PM][Error] (TaskCanceledException) A task was canceled.
[9:05:28 PM][Error] (TaskCanceledException) A task was canceled.
[9:05:28 PM][Error] (TaskCanceledException) A task was canceled.
[9:05:28 PM][Error] (TaskCanceledException) A task was canceled.
[9:05:28 PM][Error] (TaskCanceledException) A task was canceled.
[9:05:28 PM][Error] (TaskCanceledException) A task was canceled.
[9:05:28 PM][Error] (TaskCanceledException) A task was canceled.
[9:05:28 PM][Error] (TaskCanceledException) A task was canceled.
[9:05:28 PM][Error] (TaskCanceledException) A task was canceled.
[9:05:28 PM][Error] (TaskCanceledException) A task was canceled.
[9:05:28 PM][Error] (TaskCanceledException) A task was canceled.
[9:05:28 PM][Error] (TaskCanceledException) A task was canceled.
[9:05:28 PM][Error] (TaskCanceledException) A task was canceled.
[9:05:28 PM][Error] (TaskCanceledException) A task was canceled.
[9:05:28 PM][Error] (TaskCanceledException) A task was canceled.
[9:05:28 PM][Error] (TaskCanceledException) A task was canceled.
[9:05:28 PM][Error] (TaskCanceledException) A task was canceled.
[9:05:28 PM][Error] (TaskCanceledException) A task was canceled.
[9:05:28 PM][Error] (TaskCanceledException) A task was canceled.
[9:05:28 PM][Error] (TaskCanceledException) A task was canceled.
[9:05:28 PM][Error] (TaskCanceledException) A task was canceled.
[9:05:28 PM][Error] (TaskCanceledException) A task was canceled.
[9:05:28 PM][Error] (TaskCanceledException) A task was canceled.
[9:05:28 PM][Error] (TaskCanceledException) A task was canceled.
[9:05:28 PM][Error] (TaskCanceledException) A task was canceled.
[9:05:28 PM][Error] (TaskCanceledException) A task was canceled.
[9:05:28 PM][Error] (TaskCanceledException) A task was canceled.
[9:05:28 PM][Error] (TaskCanceledException) A task was canceled.
[9:05:28 PM][Error] (TaskCanceledException) A task was canceled.
[9:05:28 PM][Error] (TaskCanceledException) A task was canceled.
[9:05:28 PM][Error] (TaskCanceledException) A task was canceled.
[9:05:28 PM][Error] (TaskCanceledException) A task was canceled.
[9:05:28 PM][Error] (TaskCanceledException) A task was canceled.
[9:05:28 PM][Error] (TaskCanceledException) A task was canceled.
[9:05:28 PM][Error] (TaskCanceledException) A task was canceled.
[9:05:28 PM][Error] (TaskCanceledException) A task was canceled.
[9:05:28 PM][Error] (TaskCanceledException) A task was canceled.
[9:05:28 PM][Error] (TaskCanceledException) A task was canceled.
[9:05:28 PM][Error] (TaskCanceledException) A task was canceled.
[9:05:28 PM][Error] (TaskCanceledException) A task was canceled.
[9:05:28 PM][Error] (TaskCanceledException) A task was canceled.
[9:05:28 PM][Error] (TaskCanceledException) A task was canceled.
[9:05:28 PM][Error] (TaskCanceledException) A task was canceled.
[9:05:28 PM][Error] (TaskCanceledException) A task was canceled.
[9:05:28 PM][Error] (TaskCanceledException) A task was canceled.
[9:05:28 PM][Error] (TaskCanceledException) A task was canceled.
[9:05:28 PM][Error] (TaskCanceledException) A task was canceled.
[9:05:28 PM][Error] (TaskCanceledException) A task was canceled.
[9:05:28 PM][Error] (TaskCanceledException) A task was canceled.
[9:05:28 PM][Error] (TaskCanceledException) A task was canceled.
[9:05:28 PM][Error] (TaskCanceledException) A task was canceled.
[9:05:28 PM][Error] (TaskCanceledException) A task was canceled.
[9:05:28 PM][Error] (TaskCanceledException) A task was canceled.
[9:05:28 PM][Error] (TaskCanceledException) A task was canceled.
[9:05:28 PM][Error] (TaskCanceledException) A task was canceled.
[9:05:28 PM][Error] (TaskCanceledException) A task was canceled.
[9:05:28 PM][Error] (TaskCanceledException) A task was canceled.
[9:05:28 PM][Error] (TaskCanceledException) A task was canceled.
[9:05:28 PM][Error] (TaskCanceledException) A task was canceled.
[9:05:28 PM][Error] (TaskCanceledException) A task was canceled.
[9:05:28 PM][Error] (TaskCanceledException) A task was canceled.
[9:05:28 PM][Error] (TaskCanceledException) A task was canceled.
[9:05:28 PM][Error] (TaskCanceledException) A task was canceled.
[9:05:28 PM][Error] (TaskCanceledException) A task was canceled.
[9:05:28 PM][Error] (TaskCanceledException) A task was canceled.
[9:05:28 PM][Error] (TaskCanceledException) A task was canceled.
[9:05:28 PM][Error] (TaskCanceledException) A task was canceled.
[9:05:28 PM][Error] (TaskCanceledException) A task was canceled.
[9:05:28 PM][Error] (TaskCanceledException) A task was canceled.
[9:05:28 PM][Error] (TaskCanceledException) A task was canceled.
[9:05:28 PM][Error] (TaskCanceledException) A task was canceled.
[9:05:28 PM][Error] (TaskCanceledException) A task was canceled.
[9:05:28 PM][Error] (TaskCanceledException) A task was canceled.
[9:05:28 PM][Error] (TaskCanceledException) A task was canceled.
[9:05:28 PM][Error] (TaskCanceledException) A task was canceled.
[9:05:28 PM][Error] (TaskCanceledException) A task was canceled.
[9:05:28 PM][Error] (TaskCanceledException) A task was canceled.
[9:05:28 PM][Error] (TaskCanceledException) A task was canceled.
[9:05:28 PM][Error] (TaskCanceledException) A task was canceled.
[9:05:28 PM][Error] (TaskCanceledException) A task was canceled.
[9:05:28 PM][Error] (TaskCanceledException) A task was canceled.
[9:05:28 PM][Error] (TaskCanceledException) A task was canceled.
[9:05:28 PM][Error] (TaskCanceledException) A task was canceled.
[9:05:28 PM][Error] (TaskCanceledException) A task was canceled.
[9:05:28 PM][Error] (TaskCanceledException) A task was canceled.
[9:05:28 PM][Error] (TaskCanceledException) A task was canceled.
[9:05:28 PM][Error] (TaskCanceledException) A task was canceled.
[9:05:28 PM][Error] (TaskCanceledException) A task was canceled.
[9:05:28 PM][Error] (TaskCanceledException) A task was canceled.
[9:05:28 PM][Error] (TaskCanceledException) A task was canceled.
[9:05:28 PM][Error] (TaskCanceledException) A task was canceled.
[9:05:28 PM][Error] (TaskCanceledException) A task was canceled.
[9:05:28 PM][Error] (TaskCanceledException) A task was canceled.
[9:05:28 PM][Error] (TaskCanceledException) A task was canceled.
[9:05:28 PM][Error] (TaskCanceledException) A task was canceled.
[9:05:28 PM][Error] (TaskCanceledException) A task was canceled.
[9:05:28 PM][Info] Execution completed
[9:05:28 PM][Info] Execution aborted
[9:05:38 PM][Info] Waiting for the start condition to be verified...
[9:05:38 PM][Info] Finished waiting
[9:05:38 PM][Info] All set, starting the execution
[9:06:20 PM][Info] Execution completed
[9:06:57 PM][Info] Waiting for the start condition to be verified...
[9:06:57 PM][Info] Finished waiting
[9:06:57 PM][Info] All set, starting the execution
[9:24:53 PM][Error] (TaskCanceledException) A task was canceled.
[9:24:53 PM][Error] (TaskCanceledException) A task was canceled.
[9:24:53 PM][Error] (TaskCanceledException) A task was canceled.
[9:24:53 PM][Error] (TaskCanceledException) A task was canceled.
[9:24:53 PM][Error] (TaskCanceledException) A task was canceled.
[9:24:53 PM][Error] (TaskCanceledException) A task was canceled.
[9:24:53 PM][Error] (TaskCanceledException) A task was canceled.
[9:24:53 PM][Error] (TaskCanceledException) A task was canceled.
[9:24:53 PM][Error] (TaskCanceledException) A task was canceled.
[9:24:53 PM][Error] (TaskCanceledException) A task was canceled.
[9:24:53 PM][Error] (TaskCanceledException) A task was canceled.
[9:24:53 PM][Error] (TaskCanceledException) A task was canceled.
[9:24:53 PM][Error] (TaskCanceledException) A task was canceled.
[9:24:53 PM][Error] (TaskCanceledException) A task was canceled.
[9:24:53 PM][Error] (TaskCanceledException) A task was canceled.
[9:24:53 PM][Error] (TaskCanceledException) A task was canceled.
[9:24:53 PM][Error] (TaskCanceledException) A task was canceled.
[9:24:53 PM][Error] (TaskCanceledException) A task was canceled.
[9:24:53 PM][Error] (TaskCanceledException) A task was canceled.
[9:24:53 PM][Error] (TaskCanceledException) A task was canceled.
[9:24:53 PM][Error] (TaskCanceledException) A task was canceled.
[9:24:53 PM][Error] (TaskCanceledException) A task was canceled.
[9:24:53 PM][Error] (TaskCanceledException) A task was canceled.
[9:24:53 PM][Error] (TaskCanceledException) A task was canceled.
[9:24:53 PM][Error] (TaskCanceledException) A task was canceled.
[9:24:53 PM][Error] (TaskCanceledException) A task was canceled.
[9:24:53 PM][Error] (TaskCanceledException) A task was canceled.
[9:24:53 PM][Error] (TaskCanceledException) A task was canceled.
[9:24:53 PM][Error] (TaskCanceledException) A task was canceled.
[9:24:53 PM][Error] (TaskCanceledException) A task was canceled.
[9:24:53 PM][Error] (TaskCanceledException) A task was canceled.
[9:24:53 PM][Error] (TaskCanceledException) A task was canceled.
[9:24:53 PM][Error] (TaskCanceledException) A task was canceled.
[9:24:53 PM][Error] (TaskCanceledException) A task was canceled.
[9:24:53 PM][Error] (TaskCanceledException) A task was canceled.
[9:24:53 PM][Error] (TaskCanceledException) A task was canceled.
[9:24:53 PM][Error] (TaskCanceledException) A task was canceled.
[9:24:53 PM][Error] (TaskCanceledException) A task was canceled.
[9:24:53 PM][Error] (TaskCanceledException) A task was canceled.
[9:24:53 PM][Error] (TaskCanceledException) A task was canceled.
[9:24:53 PM][Error] (TaskCanceledException) A task was canceled.
[9:24:53 PM][Error] (TaskCanceledException) A task was canceled.
[9:24:53 PM][Error] (TaskCanceledException) A task was canceled.
[9:24:53 PM][Error] (TaskCanceledException) A task was canceled.
[9:24:53 PM][Error] (TaskCanceledException) A task was canceled.
[9:24:53 PM][Error] (TaskCanceledException) A task was canceled.
[9:24:53 PM][Error] (TaskCanceledException) A task was canceled.
[9:24:53 PM][Error] (TaskCanceledException) A task was canceled.
[9:24:53 PM][Error] (TaskCanceledException) A task was canceled.
[9:24:53 PM][Error] (TaskCanceledException) A task was canceled.
[9:24:53 PM][Error] (TaskCanceledException) A task was canceled.
[9:24:53 PM][Error] (TaskCanceledException) A task was canceled.
[9:24:53 PM][Error] (TaskCanceledException) A task was canceled.
[9:24:53 PM][Error] (TaskCanceledException) A task was canceled.
[9:24:53 PM][Error] (TaskCanceledException) A task was canceled.
[9:24:53 PM][Error] (TaskCanceledException) A task was canceled.
[9:24:53 PM][Error] (TaskCanceledException) A task was canceled.
[9:24:53 PM][Error] (TaskCanceledException) A task was canceled.
[9:24:53 PM][Error] (TaskCanceledException) A task was canceled.
[9:24:53 PM][Error] (TaskCanceledException) A task was canceled.
[9:24:53 PM][Error] (TaskCanceledException) A task was canceled.
[9:24:53 PM][Error] (TaskCanceledException) A task was canceled.
[9:24:53 PM][Error] (TaskCanceledException) A task was canceled.
[9:24:53 PM][Error] (TaskCanceledException) A task was canceled.
[9:24:53 PM][Error] (TaskCanceledException) A task was canceled.
[9:24:53 PM][Error] (TaskCanceledException) A task was canceled.
[9:24:53 PM][Error] (TaskCanceledException) A task was canceled.
[9:24:53 PM][Error] (TaskCanceledException) A task was canceled.
[9:24:53 PM][Error] (TaskCanceledException) A task was canceled.
[9:24:53 PM][Error] (TaskCanceledException) A task was canceled.
[9:24:53 PM][Error] (TaskCanceledException) A task was canceled.
[9:24:53 PM][Error] (TaskCanceledException) A task was canceled.
[9:24:53 PM][Error] (TaskCanceledException) A task was canceled.
[9:24:53 PM][Error] (TaskCanceledException) A task was canceled.
[9:24:53 PM][Error] (TaskCanceledException) A task was canceled.
[9:24:53 PM][Error] (TaskCanceledException) A task was canceled.
[9:24:53 PM][Error] (TaskCanceledException) A task was canceled.
[9:24:53 PM][Error] (TaskCanceledException) A task was canceled.
[9:24:53 PM][Error] (TaskCanceledException) A task was canceled.
[9:24:53 PM][Error] (TaskCanceledException) A task was canceled.
[9:24:53 PM][Error] (TaskCanceledException) A task was canceled.
[9:24:53 PM][Error] (TaskCanceledException) A task was canceled.
[9:24:53 PM][Error] (TaskCanceledException) A task was canceled.
[9:24:53 PM][Error] (TaskCanceledException) A task was canceled.
[9:24:53 PM][Error] (TaskCanceledException) A task was canceled.
[9:24:53 PM][Error] (TaskCanceledException) A task was canceled.
[9:24:53 PM][Error] (TaskCanceledException) A task was canceled.
[9:24:53 PM][Error] (TaskCanceledException) A task was canceled.
[9:24:53 PM][Error] (TaskCanceledException) A task was canceled.
[9:24:53 PM][Error] (TaskCanceledException) A task was canceled.
[9:24:53 PM][Error] (TaskCanceledException) A task was canceled.
[9:24:53 PM][Error] (TaskCanceledException) A task was canceled.
[9:24:53 PM][Error] (TaskCanceledException) A task was canceled.
[9:24:53 PM][Error] (TaskCanceledException) A task was canceled.
[9:24:53 PM][Error] (TaskCanceledException) A task was canceled.
[9:24:53 PM][Error] (TaskCanceledException) A task was canceled.
[9:24:53 PM][Error] (TaskCanceledException) A task was canceled.
[9:24:53 PM][Error] (TaskCanceledException) A task was canceled.
[9:24:53 PM][Error] (TaskCanceledException) A task was canceled.
[9:24:53 PM][Error] (TaskCanceledException) A task was canceled.
[9:24:53 PM][Error] (TaskCanceledException) A task was canceled.
[9:24:53 PM][Error] (TaskCanceledException) A task was canceled.
[9:24:53 PM][Error] (TaskCanceledException) A task was canceled.
[9:24:53 PM][Error] (TaskCanceledException) A task was canceled.
[9:24:53 PM][Error] (TaskCanceledException) A task was canceled.
[9:24:53 PM][Error] (TaskCanceledException) A task was canceled.
[9:24:53 PM][Error] (TaskCanceledException) A task was canceled.
[9:24:53 PM][Error] (TaskCanceledException) A task was canceled.
[9:24:53 PM][Error] (TaskCanceledException) A task was canceled.
[9:24:53 PM][Error] (TaskCanceledException) A task was canceled.
[9:24:53 PM][Error] (TaskCanceledException) A task was canceled.
[9:24:53 PM][Error] (TaskCanceledException) A task was canceled.
[9:24:53 PM][Error] (TaskCanceledException) A task was canceled.
[9:24:53 PM][Error] (TaskCanceledException) A task was canceled.
[9:24:53 PM][Error] (TaskCanceledException) A task was canceled.
[9:24:53 PM][Error] (TaskCanceledException) A task was canceled.
[9:24:53 PM][Error] (TaskCanceledException) A task was canceled.
[9:24:53 PM][Error] (TaskCanceledException) A task was canceled.
[9:24:53 PM][Error] (TaskCanceledException) A task was canceled.
[9:24:53 PM][Error] (TaskCanceledException) A task was canceled.
[9:24:53 PM][Error] (TaskCanceledException) A task was canceled.
[9:24:53 PM][Error] (TaskCanceledException) A task was canceled.
[9:24:53 PM][Error] (TaskCanceledException) A task was canceled.
[9:24:53 PM][Error] (TaskCanceledException) A task was canceled.
[9:24:53 PM][Error] (TaskCanceledException) A task was canceled.
[9:24:53 PM][Error] (TaskCanceledException) A task was canceled.
[9:24:53 PM][Error] (TaskCanceledException) A task was canceled.
[9:24:53 PM][Error] (TaskCanceledException) A task was canceled.
[9:24:53 PM][Error] (TaskCanceledException) A task was canceled.
[9:24:53 PM][Error] (TaskCanceledException) A task was canceled.
[9:24:53 PM][Error] (TaskCanceledException) A task was canceled.
[9:24:53 PM][Error] (TaskCanceledException) A task was canceled.
[9:24:53 PM][Error] (TaskCanceledException) A task was canceled.
[9:24:53 PM][Error] (TaskCanceledException) A task was canceled.
[9:24:53 PM][Error] (TaskCanceledException) A task was canceled.
[9:24:53 PM][Error] (TaskCanceledException) A task was canceled.
[9:24:53 PM][Error] (TaskCanceledException) A task was canceled.
[9:24:53 PM][Error] (TaskCanceledException) A task was canceled.
[9:24:53 PM][Error] (TaskCanceledException) A task was canceled.
[9:24:53 PM][Error] (TaskCanceledException) A task was canceled.
[9:24:53 PM][Error] (TaskCanceledException) A task was canceled.
[9:24:53 PM][Error] (TaskCanceledException) A task was canceled.
[9:24:53 PM][Error] (TaskCanceledException) A task was canceled.
[9:24:53 PM][Error] (TaskCanceledException) A task was canceled.
[9:24:53 PM][Error] (TaskCanceledException) A task was canceled.
[9:24:53 PM][Error] (TaskCanceledException) A task was canceled.
[9:24:53 PM][Error] (TaskCanceledException) A task was canceled.
[9:24:53 PM][Error] (TaskCanceledException) A task was canceled.
[9:24:53 PM][Error] (TaskCanceledException) A task was canceled.
[9:24:53 PM][Error] (TaskCanceledException) A task was canceled.
[9:24:53 PM][Error] (TaskCanceledException) A task was canceled.
[9:24:53 PM][Error] (TaskCanceledException) A task was canceled.
[9:24:53 PM][Error] (TaskCanceledException) A task was canceled.
[9:24:53 PM][Error] (TaskCanceledException) A task was canceled.
[9:24:53 PM][Error] (TaskCanceledException) A task was canceled.
[9:24:53 PM][Error] (TaskCanceledException) A task was canceled.
[9:24:53 PM][Error] (TaskCanceledException) A task was canceled.
[9:24:53 PM][Error] (TaskCanceledException) A task was canceled.
[9:24:53 PM][Error] (TaskCanceledException) A task was canceled.
[9:24:53 PM][Error] (TaskCanceledException) A task was canceled.
[9:24:53 PM][Error] (TaskCanceledException) A task was canceled.
[9:24:53 PM][Error] (TaskCanceledException) A task was canceled.
[9:24:53 PM][Error] (TaskCanceledException) A task was canceled.
[9:24:53 PM][Error] (TaskCanceledException) A task was canceled.
[9:24:53 PM][Error] (TaskCanceledException) A task was canceled.
[9:24:53 PM][Error] (TaskCanceledException) A task was canceled.
[9:24:53 PM][Error] (TaskCanceledException) A task was canceled.
[9:24:53 PM][Error] (TaskCanceledException) A task was canceled.
[9:24:53 PM][Error] (TaskCanceledException) A task was canceled.
[9:24:53 PM][Error] (TaskCanceledException) A task was canceled.
[9:24:53 PM][Error] (TaskCanceledException) A task was canceled.
[9:24:53 PM][Error] (TaskCanceledException) A task was canceled.
[9:24:53 PM][Error] (TaskCanceledException) A task was canceled.
[9:24:53 PM][Error] (TaskCanceledException) A task was canceled.
[9:24:53 PM][Error] (TaskCanceledException) A task was canceled.
[9:24:53 PM][Error] (TaskCanceledException) A task was canceled.
[9:24:53 PM][Error] (TaskCanceledException) A task was canceled.
[9:24:53 PM][Error] (TaskCanceledException) A task was canceled.
[9:24:53 PM][Error] (TaskCanceledException) A task was canceled.
[9:24:53 PM][Error] (TaskCanceledException) A task was canceled.
[9:24:53 PM][Error] (TaskCanceledException) A task was canceled.
[9:24:53 PM][Error] (TaskCanceledException) A task was canceled.
[9:24:53 PM][Error] (TaskCanceledException) A task was canceled.
[9:24:53 PM][Error] (TaskCanceledException) A task was canceled.
[9:24:53 PM][Error] (TaskCanceledException) A task was canceled.
[9:24:53 PM][Error] (TaskCanceledException) A task was canceled.
[9:24:53 PM][Error] (TaskCanceledException) A task was canceled.
[9:24:53 PM][Error] (TaskCanceledException) A task was canceled.
[9:24:53 PM][Error] (TaskCanceledException) A task was canceled.
[9:24:53 PM][Error] (TaskCanceledException) A task was canceled.
[9:24:53 PM][Error] (TaskCanceledException) A task was canceled.
[9:24:53 PM][Error] (TaskCanceledException) A task was canceled.
[9:24:53 PM][Error] (TaskCanceledException) A task was canceled.
[9:24:53 PM][Error] (TaskCanceledException) A task was canceled.
[9:24:53 PM][Error] (TaskCanceledException) A task was canceled.
[9:24:53 PM][Error] (TaskCanceledException) A task was canceled.
[9:24:53 PM][Error] (TaskCanceledException) A task was canceled.
[9:24:53 PM][Error] (TaskCanceledException) A task was canceled.
[9:24:53 PM][Error] (TaskCanceledException) A task was canceled.
[9:24:53 PM][Error] (TaskCanceledException) A task was canceled.
[9:24:53 PM][Info] Execution completed
[9:24:53 PM][Info] Execution aborted
